[debug] [2023-05-31T01:11:20.321Z] ----------------------------------------------------------------------
[debug] [2023-05-31T01:11:20.323Z] Command:       C:\Program Files\nodejs\node.exe C:\Users\Lenni\AppData\Roaming\npm\node_modules\firebase-tools\lib\bin\firebase.js deploy
[debug] [2023-05-31T01:11:20.323Z] CLI Version:   11.29.1
[debug] [2023-05-31T01:11:20.323Z] Platform:      win32
[debug] [2023-05-31T01:11:20.323Z] Node Version:  v16.16.0
[debug] [2023-05-31T01:11:20.324Z] Time:          Tue May 30 2023 19:11:20 GMT-0600 (hora estándar central)
[debug] [2023-05-31T01:11:20.324Z] ----------------------------------------------------------------------
[debug] 
[debug] [2023-05-31T01:11:20.406Z] > command requires scopes: ["email","openid","https://www.googleapis.com/auth/cloudplatformprojects.readonly","https://www.googleapis.com/auth/firebase","https://www.googleapis.com/auth/cloud-platform"]
[debug] [2023-05-31T01:11:20.407Z] > authorizing via signed-in user (lenninlemus0@gmail.com)
[debug] [2023-05-31T01:11:20.407Z] [iam] checking project lenninlemus-5a5a5 for permissions ["firebase.projects.get","firebasehosting.sites.update"]
[debug] [2023-05-31T01:11:20.409Z] >>> [apiv2][query] POST https://cloudresourcemanager.googleapis.com/v1/projects/lenninlemus-5a5a5:testIamPermissions [none]
[debug] [2023-05-31T01:11:20.409Z] >>> [apiv2][(partial)header] POST https://cloudresourcemanager.googleapis.com/v1/projects/lenninlemus-5a5a5:testIamPermissions x-goog-quota-user=projects/lenninlemus-5a5a5
[debug] [2023-05-31T01:11:20.409Z] >>> [apiv2][body] POST https://cloudresourcemanager.googleapis.com/v1/projects/lenninlemus-5a5a5:testIamPermissions {"permissions":["firebase.projects.get","firebasehosting.sites.update"]}
[debug] [2023-05-31T01:11:20.767Z] <<< [apiv2][status] POST https://cloudresourcemanager.googleapis.com/v1/projects/lenninlemus-5a5a5:testIamPermissions 401
[debug] [2023-05-31T01:11:20.767Z] <<< [apiv2][body] POST https://cloudresourcemanager.googleapis.com/v1/projects/lenninlemus-5a5a5:testIamPermissions {"error":{"code":401,"message":"Request had invalid authentication credentials. Expected OAuth 2 access token, login cookie or other valid authentication credential. See https://developers.google.com/identity/sign-in/web/devconsole-project.","status":"UNAUTHENTICATED","details":[{"@type":"type.googleapis.com/google.rpc.ErrorInfo","reason":"ACCESS_TOKEN_TYPE_UNSUPPORTED","metadata":{"method":"google.cloudresourcemanager.v1.Projects.TestIamPermissions","service":"cloudresourcemanager.googleapis.com"}}]}}
[debug] [2023-05-31T01:11:20.768Z] [iam] error while checking permissions, command may fail: FirebaseError: HTTP Error: 401, Request had invalid authentication credentials. Expected OAuth 2 access token, login cookie or other valid authentication credential. See https://developers.google.com/identity/sign-in/web/devconsole-project.
[debug] [2023-05-31T01:11:20.769Z] >>> [apiv2][query] GET https://firebase.googleapis.com/v1beta1/projects/lenninlemus-5a5a5 [none]
[debug] [2023-05-31T01:11:21.084Z] <<< [apiv2][status] GET https://firebase.googleapis.com/v1beta1/projects/lenninlemus-5a5a5 401
[debug] [2023-05-31T01:11:21.085Z] <<< [apiv2][body] GET https://firebase.googleapis.com/v1beta1/projects/lenninlemus-5a5a5 {"error":{"code":401,"message":"Request had invalid authentication credentials. Expected OAuth 2 access token, login cookie or other valid authentication credential. See https://developers.google.com/identity/sign-in/web/devconsole-project.","status":"UNAUTHENTICATED"}}
[debug] [2023-05-31T01:11:21.085Z] HTTP Error: 401, Request had invalid authentication credentials. Expected OAuth 2 access token, login cookie or other valid authentication credential. See https://developers.google.com/identity/sign-in/web/devconsole-project.
[debug] [2023-05-31T01:11:21.339Z] FirebaseError: HTTP Error: 401, Request had invalid authentication credentials. Expected OAuth 2 access token, login cookie or other valid authentication credential. See https://developers.google.com/identity/sign-in/web/devconsole-project.
    at responseToError (C:\Users\Lenni\AppData\Roaming\npm\node_modules\firebase-tools\lib\responseToError.js:49:12)
    at RetryOperation._fn (C:\Users\Lenni\AppData\Roaming\npm\node_modules\firebase-tools\lib\apiv2.js:288:77)
    at processTicksAndRejections (node:internal/process/task_queues:96:5)
[error] 
[error] Error: Failed to get Firebase project lenninlemus-5a5a5. Please make sure the project exists and your account has permission to access it.
